TN:
SF:lib/jison.js
FN:17,(anonymous_0)
FN:21,(anonymous_1)
FN:29,(anonymous_2)
FNF:3
FNH:0
FNDA:0,(anonymous_0)
FNDA:0,(anonymous_1)
FNDA:0,(anonymous_2)
DA:6,0
DA:7,0
DA:18,0
DA:22,0
DA:23,0
DA:25,0
DA:26,0
DA:30,0
DA:31,0
DA:33,0
DA:34,0
DA:35,0
DA:36,0
DA:41,0
LF:14
LH:0
BRDA:21,0,0,0
BRDA:22,1,0,0
BRDA:22,1,1,0
BRDA:22,2,0,0
BRDA:22,2,1,0
BRDA:30,3,0,0
BRDA:30,3,1,0
BRDA:30,4,0,0
BRDA:30,4,1,0
BRF:9
BRH:0
end_of_record
TN:
SF:lib/core/CodeGenerator.js
FN:7,(anonymous_0)
FN:11,(anonymous_1)
FN:17,(anonymous_2)
FN:185,(anonymous_3)
FN:189,(anonymous_4)
FN:195,(anonymous_5)
FN:208,(anonymous_6)
FN:215,(anonymous_7)
FN:222,(anonymous_8)
FNF:9
FNH:3
FNDA:5,(anonymous_0)
FNDA:2,(anonymous_1)
FNDA:2,(anonymous_2)
FNDA:0,(anonymous_3)
FNDA:0,(anonymous_4)
FNDA:0,(anonymous_5)
FNDA:0,(anonymous_6)
FNDA:0,(anonymous_7)
FNDA:0,(anonymous_8)
DA:2,1
DA:3,1
DA:4,1
DA:8,5
DA:13,2
DA:14,2
DA:18,2
DA:19,0
DA:22,2
DA:23,0
DA:28,2
DA:186,0
DA:187,0
DA:189,0
DA:196,0
DA:198,0
DA:200,0
DA:202,0
DA:204,0
DA:209,0
DA:216,0
DA:223,0
LF:22
LH:9
BRDA:11,0,0,0
BRDA:18,1,0,0
BRDA:18,1,1,2
BRDA:18,2,0,2
BRDA:18,2,1,2
BRDA:22,3,0,0
BRDA:22,3,1,2
BRDA:22,4,0,2
BRDA:22,4,1,2
BRDA:186,5,0,0
BRDA:186,5,1,0
BRDA:186,6,0,0
BRDA:186,6,1,0
BRDA:196,7,0,0
BRDA:196,7,1,0
BRDA:196,7,2,0
BRDA:196,7,3,0
BRF:17
BRH:6
end_of_record
TN:
SF:lib/core/ErrorHandler.js
FN:2,(anonymous_0)
FN:9,(anonymous_1)
FN:11,(anonymous_2)
FN:24,(anonymous_3)
FN:30,(anonymous_4)
FN:36,(anonymous_5)
FN:48,(anonymous_6)
FN:62,(anonymous_7)
FN:66,(anonymous_8)
FN:72,(anonymous_9)
FN:76,(anonymous_10)
FN:80,(anonymous_11)
FN:84,(anonymous_12)
FNF:13
FNH:7
FNDA:11,(anonymous_0)
FNDA:11,(anonymous_1)
FNDA:0,(anonymous_2)
FNDA:0,(anonymous_3)
FNDA:0,(anonymous_4)
FNDA:154,(anonymous_5)
FNDA:0,(anonymous_6)
FNDA:1,(anonymous_7)
FNDA:3,(anonymous_8)
FNDA:4,(anonymous_9)
FNDA:1,(anonymous_10)
FNDA:0,(anonymous_11)
FNDA:0,(anonymous_12)
DA:3,11
DA:4,11
DA:5,11
DA:6,11
DA:11,11
DA:12,0
DA:13,0
DA:14,0
DA:15,0
DA:16,0
DA:17,0
DA:20,0
DA:24,11
DA:26,0
DA:30,11
DA:32,0
DA:37,154
DA:39,154
DA:40,50
DA:43,154
DA:44,0
DA:49,0
DA:50,0
DA:51,0
DA:54,0
DA:55,0
DA:57,0
DA:58,0
DA:63,1
DA:68,3
DA:69,3
DA:73,4
DA:77,1
DA:81,0
DA:85,0
LF:35
LH:16
BRDA:2,0,0,5
BRDA:5,1,0,11
BRDA:5,1,1,11
BRDA:16,2,0,0
BRDA:16,2,1,0
BRDA:39,3,0,50
BRDA:39,3,1,104
BRDA:43,4,0,0
BRDA:43,4,1,154
BRDA:48,5,0,0
BRDA:50,6,0,0
BRDA:50,6,1,0
BRF:12
BRH:6
end_of_record
TN:
SF:lib/core/Grammar.js
FN:5,(anonymous_0)
FN:16,(anonymous_1)
FN:20,(anonymous_2)
FN:27,(anonymous_3)
FN:37,(anonymous_4)
FN:44,(anonymous_5)
FN:48,(anonymous_6)
FN:60,(anonymous_7)
FN:73,(anonymous_8)
FN:77,(anonymous_9)
FN:81,(anonymous_10)
FN:85,(anonymous_11)
FNF:12
FNH:10
FNDA:9,(anonymous_0)
FNDA:4,(anonymous_1)
FNDA:2,(anonymous_2)
FNDA:3,(anonymous_3)
FNDA:0,(anonymous_4)
FNDA:1,(anonymous_5)
FNDA:0,(anonymous_6)
FNDA:1,(anonymous_7)
FNDA:3,(anonymous_8)
FNDA:1,(anonymous_9)
FNDA:1,(anonymous_10)
FNDA:2,(anonymous_11)
DA:6,9
DA:7,9
DA:8,9
DA:9,9
DA:10,9
DA:11,9
DA:12,9
DA:13,9
DA:17,4
DA:21,2
DA:22,2
DA:24,2
DA:28,3
DA:29,3
DA:31,3
DA:32,3
DA:33,3
DA:34,3
DA:38,0
DA:39,0
DA:41,0
DA:45,1
DA:49,0
DA:50,0
DA:51,0
DA:52,0
DA:53,0
DA:57,0
DA:61,1
DA:63,1
DA:64,2
DA:67,1
DA:68,1
DA:70,1
DA:74,3
DA:78,1
DA:82,1
DA:83,1
DA:84,1
DA:85,1
DA:86,2
DA:88,1
LF:42
LH:33
BRDA:21,0,0,2
BRDA:21,0,1,0
BRDA:28,1,0,3
BRDA:28,1,1,0
BRDA:38,2,0,0
BRDA:38,2,1,0
BRDA:52,3,0,0
BRDA:52,3,1,0
BRF:8
BRH:2
end_of_record
TN:
SF:lib/core/GrammarParser.js
FN:7,(anonymous_0)
FN:11,(anonymous_1)
FN:52,(anonymous_2)
FN:56,(anonymous_3)
FN:64,(anonymous_4)
FN:66,(anonymous_5)
FN:77,(anonymous_6)
FN:92,(anonymous_7)
FN:100,(anonymous_8)
FN:108,(anonymous_9)
FNF:10
FNH:6
FNDA:5,(anonymous_0)
FNDA:3,(anonymous_1)
FNDA:0,(anonymous_2)
FNDA:2,(anonymous_3)
FNDA:0,(anonymous_4)
FNDA:0,(anonymous_5)
FNDA:2,(anonymous_6)
FNDA:2,(anonymous_7)
FNDA:7,(anonymous_8)
FNDA:0,(anonymous_9)
DA:8,5
DA:12,3
DA:13,0
DA:16,3
DA:17,0
DA:20,3
DA:23,3
DA:24,0
DA:25,3
DA:26,2
DA:28,1
DA:32,2
DA:33,2
DA:34,0
DA:35,0
DA:37,0
DA:41,2
DA:44,2
DA:47,2
DA:49,2
DA:53,0
DA:57,2
DA:58,2
DA:59,0
DA:61,2
DA:65,0
DA:66,0
DA:67,0
DA:68,0
DA:70,0
DA:71,0
DA:73,0
DA:78,2
DA:79,1
DA:80,1
DA:81,1
DA:82,1
DA:83,2
DA:89,1
DA:93,2
DA:95,2
DA:96,4
DA:97,4
DA:100,4
DA:101,7
DA:102,7
DA:103,7
DA:109,0
DA:110,0
DA:112,0
DA:113,0
DA:115,0
LF:52
LH:32
BRDA:12,0,0,0
BRDA:12,0,1,3
BRDA:12,1,0,3
BRDA:12,1,1,3
BRDA:16,2,0,0
BRDA:16,2,1,3
BRDA:23,3,0,0
BRDA:23,3,1,3
BRDA:25,4,0,2
BRDA:25,4,1,1
BRDA:32,5,0,2
BRDA:32,5,1,0
BRDA:34,6,0,0
BRDA:34,6,1,0
BRDA:34,7,0,0
BRDA:34,7,1,0
BRDA:44,8,0,2
BRDA:44,8,1,2
BRDA:57,9,0,0
BRDA:57,9,1,2
BRDA:58,10,0,0
BRDA:58,10,1,2
BRDA:65,11,0,0
BRDA:65,11,1,0
BRDA:67,12,0,0
BRDA:67,12,1,0
BRDA:70,13,0,0
BRDA:70,13,1,0
BRDA:70,14,0,0
BRDA:70,14,1,0
BRDA:78,15,0,1
BRDA:78,15,1,1
BRDA:96,16,0,4
BRDA:96,16,1,0
BRDA:109,17,0,0
BRDA:109,17,1,0
BRDA:109,18,0,0
BRDA:109,18,1,0
BRDA:112,19,0,0
BRDA:112,19,1,0
BRDA:112,20,0,0
BRDA:112,20,1,0
BRF:42
BRH:15
end_of_record
TN:
SF:lib/core/Nonterminal.js
FN:2,(anonymous_0)
FN:10,(anonymous_1)
FN:14,(anonymous_2)
FN:20,(anonymous_3)
FN:26,(anonymous_4)
FN:30,(anonymous_5)
FN:34,(anonymous_6)
FN:43,(anonymous_7)
FNF:8
FNH:1
FNDA:9,(anonymous_0)
FNDA:0,(anonymous_1)
FNDA:0,(anonymous_2)
FNDA:0,(anonymous_3)
FNDA:0,(anonymous_4)
FNDA:0,(anonymous_5)
FNDA:0,(anonymous_6)
FNDA:0,(anonymous_7)
DA:3,9
DA:4,9
DA:5,9
DA:6,9
DA:7,9
DA:11,0
DA:15,0
DA:16,0
DA:21,0
DA:22,0
DA:27,0
DA:31,0
DA:35,0
DA:36,0
DA:37,0
DA:38,0
DA:39,0
DA:40,0
DA:44,0
LF:19
LH:5
BRDA:15,0,0,0
BRDA:15,0,1,0
BRDA:21,1,0,0
BRDA:21,1,1,0
BRDA:36,2,0,0
BRDA:36,2,1,0
BRF:6
BRH:0
end_of_record
TN:
SF:lib/core/ParserGenerator.js
FN:6,(anonymous_0)
FN:14,(anonymous_1)
FN:40,(anonymous_2)
FNF:3
FNH:2
FNDA:5,(anonymous_0)
FNDA:4,(anonymous_1)
FNDA:0,(anonymous_2)
DA:7,5
DA:8,5
DA:9,5
DA:10,5
DA:11,5
DA:15,4
DA:17,4
DA:19,4
DA:20,1
DA:24,3
DA:27,2
DA:28,2
DA:30,2
DA:31,2
DA:34,1
DA:36,1
DA:42,0
DA:43,0
DA:45,0
DA:46,0
DA:48,0
LF:21
LH:16
BRDA:6,0,0,5
BRDA:6,1,0,5
BRDA:14,2,0,1
BRDA:17,3,0,4
BRDA:17,3,1,1
BRDA:19,4,0,1
BRDA:19,4,1,3
BRDA:19,5,0,4
BRDA:19,5,1,3
BRDA:31,6,0,1
BRDA:31,6,1,1
BRDA:31,7,0,2
BRDA:31,7,1,2
BRDA:31,7,2,1
BRDA:42,8,0,0
BRDA:42,8,1,0
BRDA:42,9,0,0
BRDA:42,9,1,0
BRDA:45,10,0,0
BRDA:45,10,1,0
BRDA:45,11,0,0
BRDA:45,11,1,0
BRF:22
BRH:14
end_of_record
TN:
SF:lib/core/Production.js
FN:2,(anonymous_0)
FN:12,(anonymous_1)
FN:16,(anonymous_2)
FN:20,(anonymous_3)
FN:26,(anonymous_4)
FN:30,(anonymous_5)
FN:34,(anonymous_6)
FN:38,(anonymous_7)
FNF:8
FNH:1
FNDA:10,(anonymous_0)
FNDA:0,(anonymous_1)
FNDA:0,(anonymous_2)
FNDA:0,(anonymous_3)
FNDA:0,(anonymous_4)
FNDA:0,(anonymous_5)
FNDA:0,(anonymous_6)
FNDA:0,(anonymous_7)
DA:3,10
DA:4,10
DA:5,10
DA:6,10
DA:7,10
DA:8,10
DA:9,10
DA:13,0
DA:17,0
DA:21,0
DA:22,0
DA:27,0
DA:31,0
DA:35,0
DA:39,0
LF:15
LH:7
BRDA:21,0,0,0
BRDA:21,0,1,0
BRF:2
BRH:0
end_of_record
TN:
SF:lib/util/set.js
FN:6,Set_constructor
FN:13,concat
FN:17,eq
FN:20,indexOf
FN:29,union
FN:32,intersection
FN:33,(anonymous_6)
FN:37,complement
FN:39,sub_complement
FN:43,subset
FN:50,superset
FN:53,joinSet
FN:56,contains
FN:57,item
FN:58,i
FN:59,first
FN:60,last
FN:61,size
FN:62,isEmpty
FN:63,copy
FN:64,toString
FN:67,(anonymous_21)
FN:68,(anonymous_22)
FN:71,(anonymous_23)
FN:72,(anonymous_24)
FN:77,(anonymous_25)
FNF:26
FNH:0
FNDA:0,Set_constructor
FNDA:0,concat
FNDA:0,eq
FNDA:0,indexOf
FNDA:0,union
FNDA:0,intersection
FNDA:0,(anonymous_6)
FNDA:0,complement
FNDA:0,sub_complement
FNDA:0,subset
FNDA:0,superset
FNDA:0,joinSet
FNDA:0,contains
FNDA:0,item
FNDA:0,i
FNDA:0,first
FNDA:0,last
FNDA:0,size
FNDA:0,isEmpty
FNDA:0,copy
FNDA:0,toString
FNDA:0,(anonymous_21)
FNDA:0,(anonymous_22)
FNDA:0,(anonymous_23)
FNDA:0,(anonymous_24)
FNDA:0,(anonymous_25)
DA:3,0
DA:5,0
DA:7,0
DA:8,0
DA:9,0
DA:10,0
DA:11,0
DA:14,0
DA:15,0
DA:18,0
DA:21,0
DA:22,0
DA:23,0
DA:24,0
DA:25,0
DA:27,0
DA:30,0
DA:33,0
DA:34,0
DA:38,0
DA:39,0
DA:40,0
DA:44,0
DA:45,0
DA:46,0
DA:48,0
DA:51,0
DA:54,0
DA:56,0
DA:57,0
DA:58,0
DA:59,0
DA:60,0
DA:61,0
DA:62,0
DA:63,0
DA:64,0
DA:67,0
DA:68,0
DA:69,0
DA:71,0
DA:72,0
DA:73,0
DA:76,0
DA:78,0
DA:79,0
DA:80,0
DA:82,0
DA:83,0
DA:84,0
DA:87,0
DA:91,0
DA:92,0
LF:53
LH:0
BRDA:8,0,0,0
BRDA:8,0,1,0
BRDA:8,1,0,0
BRDA:8,1,1,0
BRDA:9,2,0,0
BRDA:9,2,1,0
BRDA:10,3,0,0
BRDA:10,3,1,0
BRDA:14,4,0,0
BRDA:14,4,1,0
BRDA:18,5,0,0
BRDA:18,5,1,0
BRDA:21,6,0,0
BRDA:21,6,1,0
BRDA:21,7,0,0
BRDA:21,7,1,0
BRDA:23,8,0,0
BRDA:23,8,1,0
BRDA:45,9,0,0
BRDA:45,9,1,0
BRDA:46,10,0,0
BRDA:46,10,1,0
BRDA:83,11,0,0
BRDA:83,11,1,0
BRDA:91,12,0,0
BRDA:91,12,1,0
BRF:26
BRH:0
end_of_record
TN:
SF:lib/util/typal.js
FN:9,(anonymous_0)
FN:11,(anonymous_1)
FN:11,F
FN:16,layerMethod
FN:22,(anonymous_4)
FN:30,(anonymous_5)
FN:41,typal_mix
FN:69,typal_beget
FN:74,typal_construct
FN:77,(anonymous_9)
FN:84,typal_constructor
FNF:11
FNH:0
FNDA:0,(anonymous_0)
FNDA:0,(anonymous_1)
FNDA:0,F
FNDA:0,layerMethod
FNDA:0,(anonymous_4)
FNDA:0,(anonymous_5)
FNDA:0,typal_mix
FNDA:0,typal_beget
FNDA:0,typal_construct
FNDA:0,(anonymous_9)
FNDA:0,typal_constructor
DA:9,0
DA:11,0
DA:12,0
DA:17,0
DA:18,0
DA:19,0
DA:21,0
DA:22,0
DA:23,0
DA:24,0
DA:25,0
DA:26,0
DA:27,0
DA:29,0
DA:30,0
DA:31,0
DA:32,0
DA:33,0
DA:42,0
DA:43,0
DA:44,0
DA:45,0
DA:46,0
DA:47,0
DA:48,0
DA:49,0
DA:50,0
DA:51,0
DA:52,0
DA:53,0
DA:55,0
DA:59,0
DA:62,0
DA:70,0
DA:75,0
DA:76,0
DA:77,0
DA:78,0
DA:79,0
DA:80,0
DA:84,0
DA:89,0
DA:90,0
LF:43
LH:0
BRDA:11,0,0,0
BRDA:11,0,1,0
BRDA:21,1,0,0
BRDA:21,1,1,0
BRDA:29,2,0,0
BRDA:29,2,1,0
BRDA:45,3,0,0
BRDA:45,3,1,0
BRDA:46,4,0,0
BRDA:46,4,1,0
BRDA:48,5,0,0
BRDA:48,5,1,0
BRDA:51,6,0,0
BRDA:51,6,1,0
BRDA:52,7,0,0
BRDA:52,7,1,0
BRDA:52,8,0,0
BRDA:52,8,1,0
BRDA:70,9,0,0
BRDA:70,9,1,0
BRDA:89,10,0,0
BRDA:89,10,1,0
BRF:22
BRH:0
end_of_record
